<?xml version="1.0" encoding="UTF-8"?>
<!-- Generated by org.testng.reporters.JUnitReportReporter -->
<testsuite hostname="DESKTOP-R4B6884" failures="0" tests="3" name="com.automation.runner.TestRunnerTest" time="70.851" errors="0" timestamp="2026-09-04T11:05:09 IST" skipped="0">
  <testcase classname="com.automation.runner.TestRunnerTest" name="runScenario" time="6.965"/>
  <testcase classname="com.automation.runner.TestRunnerTest" name="runScenario" time="54.565"/>
  <testcase classname="com.automation.runner.TestRunnerTest" name="runScenario" time="9.321"/>
</testsuite> <!-- com.automation.runner.TestRunnerTest -->
